I, [2016-02-16T18:09:20.426874 #5785]  INFO -- Kitchen: -----> Starting Kitchen (v1.5.0)
E, [2016-02-16T18:09:20.459317 #5785] ERROR -- Kitchen: ------Exception-------
E, [2016-02-16T18:09:20.459500 #5785] ERROR -- Kitchen: Class: Kitchen::UserError
E, [2016-02-16T18:09:20.459562 #5785] ERROR -- Kitchen: Message: You must first install the Docker CLI tool http://www.docker.io/gettingstarted/
E, [2016-02-16T18:09:20.459601 #5785] ERROR -- Kitchen: ---Nested Exception---
E, [2016-02-16T18:09:20.459630 #5785] ERROR -- Kitchen: Class: Kitchen::ShellOut::ShellCommandFailed
E, [2016-02-16T18:09:20.459656 #5785] ERROR -- Kitchen: Message: Expected process to exit with [0], but received '1'
---- Begin output of sudo -E docker >> /dev/null 2>&1 ----
STDOUT: 
STDERR: 
---- End output of sudo -E docker >> /dev/null 2>&1 ----
Ran sudo -E docker >> /dev/null 2>&1 returned 1
E, [2016-02-16T18:09:20.459685 #5785] ERROR -- Kitchen: ------Backtrace-------
E, [2016-02-16T18:09:20.459708 #5785] ERROR -- Kitchen: /usr/local/lib/ruby/gems/2.2.0/gems/kitchen-docker-2.3.0/lib/kitchen/driver/docker.rb:76:in `rescue in verify_dependencies'
E, [2016-02-16T18:09:20.459731 #5785] ERROR -- Kitchen: /usr/local/lib/ruby/gems/2.2.0/gems/kitchen-docker-2.3.0/lib/kitchen/driver/docker.rb:74:in `verify_dependencies'
E, [2016-02-16T18:09:20.459754 #5785] ERROR -- Kitchen: /usr/local/lib/ruby/gems/2.2.0/gems/test-kitchen-1.5.0/lib/kitchen/driver.rb:45:in `for_plugin'
E, [2016-02-16T18:09:20.459775 #5785] ERROR -- Kitchen: /usr/local/lib/ruby/gems/2.2.0/gems/test-kitchen-1.5.0/lib/kitchen/config.rb:230:in `new_driver'
E, [2016-02-16T18:09:20.459803 #5785] ERROR -- Kitchen: /usr/local/lib/ruby/gems/2.2.0/gems/test-kitchen-1.5.0/lib/kitchen/config.rb:243:in `new_instance'
E, [2016-02-16T18:09:20.459827 #5785] ERROR -- Kitchen: /usr/local/lib/ruby/gems/2.2.0/gems/test-kitchen-1.5.0/lib/kitchen/config.rb:139:in `block in build_instances'
E, [2016-02-16T18:09:20.459849 #5785] ERROR -- Kitchen: /usr/local/lib/ruby/gems/2.2.0/gems/test-kitchen-1.5.0/lib/kitchen/config.rb:138:in `map'
E, [2016-02-16T18:09:20.459870 #5785] ERROR -- Kitchen: /usr/local/lib/ruby/gems/2.2.0/gems/test-kitchen-1.5.0/lib/kitchen/config.rb:138:in `with_index'
E, [2016-02-16T18:09:20.459890 #5785] ERROR -- Kitchen: /usr/local/lib/ruby/gems/2.2.0/gems/test-kitchen-1.5.0/lib/kitchen/config.rb:138:in `build_instances'
E, [2016-02-16T18:09:20.459915 #5785] ERROR -- Kitchen: /usr/local/lib/ruby/gems/2.2.0/gems/test-kitchen-1.5.0/lib/kitchen/config.rb:114:in `instances'
E, [2016-02-16T18:09:20.459939 #5785] ERROR -- Kitchen: /usr/local/lib/ruby/gems/2.2.0/gems/test-kitchen-1.5.0/lib/kitchen/command.rb:115:in `filtered_instances'
E, [2016-02-16T18:09:20.459961 #5785] ERROR -- Kitchen: /usr/local/lib/ruby/gems/2.2.0/gems/test-kitchen-1.5.0/lib/kitchen/command.rb:145:in `parse_subcommand'
E, [2016-02-16T18:09:20.459981 #5785] ERROR -- Kitchen: /usr/local/lib/ruby/gems/2.2.0/gems/test-kitchen-1.5.0/lib/kitchen/command/action.rb:38:in `block in call'
E, [2016-02-16T18:09:20.460035 #5785] ERROR -- Kitchen: /usr/local/lib/ruby/2.2.0/benchmark.rb:288:in `measure'
E, [2016-02-16T18:09:20.460061 #5785] ERROR -- Kitchen: /usr/local/lib/ruby/gems/2.2.0/gems/test-kitchen-1.5.0/lib/kitchen/command/action.rb:37:in `call'
E, [2016-02-16T18:09:20.460084 #5785] ERROR -- Kitchen: /usr/local/lib/ruby/gems/2.2.0/gems/test-kitchen-1.5.0/lib/kitchen/cli.rb:56:in `perform'
E, [2016-02-16T18:09:20.460104 #5785] ERROR -- Kitchen: /usr/local/lib/ruby/gems/2.2.0/gems/test-kitchen-1.5.0/lib/kitchen/cli.rb:180:in `block (2 levels) in <class:CLI>'
E, [2016-02-16T18:09:20.460133 #5785] ERROR -- Kitchen: /usr/local/lib/ruby/gems/2.2.0/gems/thor-0.19.1/lib/thor/command.rb:27:in `run'
E, [2016-02-16T18:09:20.460147 #5785] ERROR -- Kitchen: /usr/local/lib/ruby/gems/2.2.0/gems/thor-0.19.1/lib/thor/invocation.rb:126:in `invoke_command'
E, [2016-02-16T18:09:20.460162 #5785] ERROR -- Kitchen: /usr/local/lib/ruby/gems/2.2.0/gems/test-kitchen-1.5.0/lib/kitchen/cli.rb:321:in `invoke_task'
E, [2016-02-16T18:09:20.460179 #5785] ERROR -- Kitchen: /usr/local/lib/ruby/gems/2.2.0/gems/thor-0.19.1/lib/thor.rb:359:in `dispatch'
E, [2016-02-16T18:09:20.460209 #5785] ERROR -- Kitchen: /usr/local/lib/ruby/gems/2.2.0/gems/thor-0.19.1/lib/thor/base.rb:440:in `start'
E, [2016-02-16T18:09:20.460227 #5785] ERROR -- Kitchen: /usr/local/lib/ruby/gems/2.2.0/gems/test-kitchen-1.5.0/bin/kitchen:13:in `block in <top (required)>'
E, [2016-02-16T18:09:20.460242 #5785] ERROR -- Kitchen: /usr/local/lib/ruby/gems/2.2.0/gems/test-kitchen-1.5.0/lib/kitchen/errors.rb:154:in `with_friendly_errors'
E, [2016-02-16T18:09:20.460257 #5785] ERROR -- Kitchen: /usr/local/lib/ruby/gems/2.2.0/gems/test-kitchen-1.5.0/bin/kitchen:13:in `<top (required)>'
E, [2016-02-16T18:09:20.460271 #5785] ERROR -- Kitchen: /usr/local/bin/kitchen:23:in `load'
E, [2016-02-16T18:09:20.460285 #5785] ERROR -- Kitchen: /usr/local/bin/kitchen:23:in `<main>'
E, [2016-02-16T18:09:20.460300 #5785] ERROR -- Kitchen: ----------------------
